<?xml version="1.0" encoding="UTF-8"?>
<testsuite xmlns:xsi="http://www.w3.org/2001/XMLSchema-instance" xsi:noNamespaceSchemaLocation="https://maven.apache.org/surefire/maven-surefire-plugin/xsd/surefire-test-report-3.0.xsd" version="3.0" name="com.equipment.management.service.impl.DeviceProjectServiceImplTest" time="4.111" tests="7" errors="0" skipped="0" failures="0">
  <properties>
[...]
</properties>
  <testcase name="bind_whenNotExists_shouldInsert" classname="com.equipment.management.service.impl.DeviceProjectServiceImplTest" time="4.064"/>
  <testcase name="syncProjects_shouldAddMissingAndRemoveExtra" classname="com.equipment.management.service.impl.DeviceProjectServiceImplTest" time="0.008"/>
  <testcase name="bind_whenAlreadyExists_shouldSkip" classname="com.equipment.management.service.impl.DeviceProjectServiceImplTest" time="0.002"/>
  <testcase name="listProjectIdsByDeviceId_shouldReturnIds" classname="com.equipment.management.service.impl.DeviceProjectServiceImplTest" time="0.001"/>
  <testcase name="unbind_shouldRemoveRelation" classname="com.equipment.management.service.impl.DeviceProjectServiceImplTest" time="0.005"/>
  <testcase name="listProjectIdsByDeviceId_whenNull_shouldReturnEmpty" classname="com.equipment.management.service.impl.DeviceProjectServiceImplTest" time="0.003"/>
  <testcase name="syncProjects_whenEmptyIds_shouldUnbindAll" classname="com.equipment.management.service.impl.DeviceProjectServiceImplTest" time="0.001"/>
</testsuite>